

times in msec
 clock   self+sourced   self:  sourced script
 clock   elapsed:              other lines

000.006  000.006: --- NVIM STARTING ---
000.151  000.146: event init
000.335  000.183: early init
001.015  000.681: locale set
001.131  000.115: init first window
012.960  011.830: inits 1
012.975  000.015: window checked
012.978  000.003: parsing arguments
013.502  000.106  000.106: require('vim.shared')
013.596  000.033  000.033: require('vim._meta')
013.598  000.093  000.060: require('vim._editor')
013.599  000.250  000.051: require('vim._init_packages')
013.601  000.372: init lua interpreter
014.114  000.513: expanding arguments
014.172  000.058: inits 2
014.352  000.180: init highlight
014.352  000.001: waiting for UI
016.042  001.690: done waiting for UI
016.052  000.010: init screen for UI
016.253  000.201: init default mappings
016.262  000.010: init default autocommands
028.507  000.250  000.250: sourcing /opt/homebrew/Cellar/neovim/0.8.0/share/nvim/runtime/ftplugin.vim
029.717  000.294  000.294: sourcing /opt/homebrew/Cellar/neovim/0.8.0/share/nvim/runtime/indent.vim
038.258  000.587  000.587: require('packer.util')
038.293  007.532  006.944: require('packer')
039.770  000.363  000.363: require('packer.log')
039.773  000.841  000.478: require('packer.async')
040.620  000.352  000.352: require('packer.result')
040.622  000.848  000.496: require('packer.jobs')
040.626  002.317  000.628: require('packer.plugin_utils')
040.971  000.336  000.336: require('packer.snapshot')
041.346  011.279  001.095: require('plugins')
047.591  000.366  000.366: require('vim.lsp.log')
048.418  000.004  000.004: require('vim.F')
048.421  000.828  000.823: require('vim.lsp.protocol')
050.070  000.326  000.326: require('vim.lsp._snippet')
050.280  000.208  000.208: require('vim.highlight')
050.291  001.869  001.335: require('vim.lsp.util')
050.297  003.716  000.653: require('vim.lsp.handlers')
050.754  000.456  000.456: require('vim.lsp.rpc')
051.003  000.247  000.247: require('vim.lsp.sync')
051.536  000.532  000.532: require('vim.lsp.buf')
051.767  000.230  000.230: require('vim.lsp.diagnostic')
052.032  000.264  000.264: require('vim.lsp.codelens')
052.131  008.720  003.275: require('vim.lsp')
052.202  009.464  000.744: require('lspconfig.util')
052.204  009.980  000.516: require('lspconfig.configs')
052.205  010.577  000.596: require('lspconfig')
053.011  000.374  000.374: require('cmp_nvim_lsp.source')
053.013  000.806  000.432: require('cmp_nvim_lsp')
053.483  000.388  000.388: require('lspconfig.server_configurations.tsserver')
054.245  000.509  000.509: require('lspconfig.server_configurations.eslint')
054.785  000.369  000.369: require('lspconfig.server_configurations.prismals')
055.229  000.336  000.336: require('lspconfig.server_configurations.lua_ls')
055.584  000.333  000.333: require('lspconfig.server_configurations.rust_analyzer')
055.845  000.193  000.193: require('remap')
057.114  001.173  001.173: require('vim.diagnostic')
057.132  015.785  001.101: require('lsp')
057.622  000.489  000.489: require('settings')
057.623  027.787  000.234: sourcing /Users/jackpordi/.config/nvim/init.lua
057.635  013.041: sourcing vimrc file(s)
059.326  000.137  000.137: sourcing /Users/jackpordi/.local/share/nvim/site/pack/packer/start/vim-fugitive/ftdetect/fugitive.vim
059.742  000.115  000.115: sourcing /Users/jackpordi/.local/share/nvim/site/pack/packer/start/vim-mdx-js/ftdetect/mdx.vim
060.059  000.121  000.121: sourcing /Users/jackpordi/.local/share/nvim/site/pack/packer/start/vim-prisma/ftdetect/prisma.vim
060.294  001.993  001.620: sourcing /opt/homebrew/Cellar/neovim/0.8.0/share/nvim/runtime/filetype.lua
060.608  000.281  000.281: sourcing /opt/homebrew/Cellar/neovim/0.8.0/share/nvim/runtime/filetype.vim
061.396  000.218  000.218: sourcing /opt/homebrew/Cellar/neovim/0.8.0/share/nvim/runtime/syntax/synload.vim
061.920  001.221  001.002: sourcing /opt/homebrew/Cellar/neovim/0.8.0/share/nvim/runtime/syntax/syntax.vim
064.074  000.225  000.225: sourcing /opt/homebrew/Cellar/neovim/0.8.0/share/nvim/runtime/plugin/gzip.vim
064.241  000.141  000.141: sourcing /opt/homebrew/Cellar/neovim/0.8.0/share/nvim/runtime/plugin/health.vim
064.961  000.241  000.241: sourcing /opt/homebrew/Cellar/neovim/0.8.0/share/nvim/runtime/pack/dist/opt/matchit/plugin/matchit.vim
065.055  000.751  000.511: sourcing /opt/homebrew/Cellar/neovim/0.8.0/share/nvim/runtime/plugin/matchit.vim
065.188  000.110  000.110: sourcing /opt/homebrew/Cellar/neovim/0.8.0/share/nvim/runtime/plugin/matchparen.vim
065.438  000.225  000.225: sourcing /opt/homebrew/Cellar/neovim/0.8.0/share/nvim/runtime/plugin/netrwPlugin.vim
065.753  000.141  000.141: sourcing /Users/jackpordi/.local/share/nvim/rplugin.vim
065.756  000.289  000.148: sourcing /opt/homebrew/Cellar/neovim/0.8.0/share/nvim/runtime/plugin/rplugin.vim
065.844  000.060  000.060: sourcing /opt/homebrew/Cellar/neovim/0.8.0/share/nvim/runtime/plugin/shada.vim
065.911  000.037  000.037: sourcing /opt/homebrew/Cellar/neovim/0.8.0/share/nvim/runtime/plugin/spellfile.vim
066.017  000.077  000.077: sourcing /opt/homebrew/Cellar/neovim/0.8.0/share/nvim/runtime/plugin/tarPlugin.vim
066.121  000.075  000.075: sourcing /opt/homebrew/Cellar/neovim/0.8.0/share/nvim/runtime/plugin/tohtml.vim
066.184  000.035  000.035: sourcing /opt/homebrew/Cellar/neovim/0.8.0/share/nvim/runtime/plugin/tutor.vim
066.311  000.098  000.098: sourcing /opt/homebrew/Cellar/neovim/0.8.0/share/nvim/runtime/plugin/zipPlugin.vim
068.959  000.178  000.178: require('nvim-tmux-navigation.tmux_util')
068.982  001.827  001.649: require('nvim-tmux-navigation')
070.579  000.237  000.237: require('octo.model.body-metadata')
070.808  000.227  000.227: require('octo.model.title-metadata')
071.031  000.222  000.222: require('octo.autocmds')
071.594  000.563  000.563: require('octo.config')
071.802  000.207  000.207: require('octo.constants')
071.918  000.115  000.115: require('octo.folds')
073.271  000.343  000.343: require('plenary.functional')
073.275  001.141  000.798: require('plenary.job')
073.283  001.364  000.223: require('octo.gh')
073.968  000.684  000.684: require('octo.gh.graphql')
074.297  000.328  000.328: require('octo.ui.signs')
075.175  000.153  000.153: require('octo.model.comment-metadata')
075.312  000.136  000.136: require('octo.model.thread-metadata')
076.915  000.831  000.831: require('octo.date')
076.930  001.617  000.786: require('octo.utils')
077.494  000.290  000.290: require('octo.ui.colors')
077.495  000.564  000.274: require('octo.ui.bubbles')
077.500  003.203  000.733: require('octo.ui.writers')
077.506  008.029  000.879: require('octo.model.octo-buffer')
078.757  000.194  000.194: require('octo.navigation')
079.015  000.257  000.257: require('octo.picker')
080.268  000.191  000.191: require('octo.reviews.renderer')
080.279  000.665  000.474: require('octo.reviews.file-panel')
080.694  000.413  000.413: require('octo.reviews.file-entry')
080.696  001.333  000.255: require('octo.reviews.layout')
080.807  000.111  000.111: require('octo.reviews.rev')
080.970  000.161  000.161: require('octo.reviews.thread-panel')
081.162  000.191  000.191: require('octo.ui.window')
081.165  002.149  000.353: require('octo.reviews')
081.169  003.662  001.062: require('octo.commands')
081.308  000.138  000.138: require('octo.completion')
081.311  012.310  000.481: require('octo')
117.314  000.436  000.436: require('plenary.bit')
117.332  000.009  000.009: require('ffi')
117.353  001.284  000.839: require('plenary.path')
118.189  000.458  000.458: require('plenary.log')
118.198  000.844  000.386: require('telescope.log')
118.611  000.412  000.412: require('plenary.strings')
118.983  000.371  000.371: require('telescope.state')
118.987  003.505  000.594: require('telescope.utils')
118.989  003.895  000.391: require('telescope.previewers.previewer')
120.285  000.256  000.256: require('telescope.deprecated')
120.914  000.627  000.627: require('telescope.sorters')
120.941  000.023  000.023: require('vim.inspect')
121.746  002.401  001.495: require('telescope.config')
122.178  000.431  000.431: require('telescope.from_entry')
130.223  011.233  008.402: require('telescope.previewers.term_previewer')
131.907  000.331  000.331: require('plenary.context_manager')
134.306  003.050  002.719: require('telescope.previewers.utils')
136.403  002.096  002.096: require('plenary.filetype')
137.144  000.740  000.740: require('plenary.scandir')
149.987  019.734  013.849: require('telescope.previewers.buffer_previewer')
149.994  035.882  001.019: require('telescope.previewers')
150.000  036.136  000.254: require('octo.pickers.telescope.previewers')
151.119  000.339  000.339: require('telescope.config.resolve')
151.121  000.722  000.383: require('telescope.pickers.entry_display')
151.123  001.122  000.400: require('octo.pickers.telescope.entry_maker')
153.570  000.507  000.507: require('plenary.window.border')
153.933  000.361  000.361: require('plenary.window')
154.154  000.220  000.220: require('plenary.popup.utils')
154.157  001.762  000.674: require('plenary.popup')
154.415  000.257  000.257: require('telescope.pickers.scroller')
154.648  000.232  000.232: require('telescope.actions.state')
154.930  000.281  000.281: require('telescope.actions.utils')
155.526  000.293  000.293: require('telescope.actions.mt')
155.538  000.608  000.315: require('telescope.actions.set')
155.706  004.581  001.442: require('telescope.actions')
157.217  001.038  001.038: require('telescope.make_entry')
158.642  000.124  000.124: require('plenary.tbl')
158.645  000.360  000.237: require('plenary.vararg.rotate')
158.646  000.576  000.215: require('plenary.vararg')
158.851  000.205  000.205: require('plenary.errors')
158.854  001.136  000.355: require('plenary.async.async')
159.630  000.136  000.136: require('plenary.async.structs')
159.635  000.385  000.249: require('plenary.async.control')
159.639  000.630  000.245: require('plenary.async.util')
159.641  000.786  000.156: require('plenary.async.tests')
159.642  002.170  000.248: require('plenary.async')
159.643  002.426  000.255: require('telescope.finders.async_static_finder')
160.477  000.219  000.219: require('plenary.class')
160.486  000.578  000.359: require('telescope._')
160.487  000.843  000.264: require('telescope.finders.async_oneshot_finder')
160.672  000.185  000.185: require('telescope.finders.async_job_finder')
160.675  004.968  000.477: require('telescope.finders')
162.179  000.228  000.228: require('telescope._extensions')
162.181  000.539  000.312: require('telescope')
162.489  000.307  000.307: require('telescope.debounce')
162.749  000.259  000.259: require('telescope.mappings')
163.065  000.315  000.315: require('telescope.pickers.highlights')
163.255  000.189  000.189: require('telescope.pickers.window')
163.912  000.297  000.297: require('telescope.algos.linked_list')
163.914  000.658  000.360: require('telescope.entry_manager')
164.080  000.165  000.165: require('telescope.pickers.multi')
164.105  003.429  000.998: require('telescope.pickers')
164.413  000.307  000.307: require('telescope.themes')
164.452  051.671  001.128: require('octo.pickers.telescope.provider')
166.404  000.442  000.442: require('lualine_require')
167.129  002.402  001.960: require('lualine')
170.884  000.153  000.153: require('lualine.utils.mode')
174.220  000.367  000.367: require('nvim-surround.input')
174.394  000.173  000.173: require('nvim-surround.functional')
174.399  001.164  000.624: require('nvim-surround.config')
174.402  001.581  000.418: require('nvim-surround.buffer')
174.695  000.292  000.292: require('nvim-surround.cache')
175.008  000.312  000.312: require('nvim-surround.utils')
175.011  002.828  000.642: require('nvim-surround')
175.034  000.003  000.003: require('vim.keymap')
175.687  000.408  000.408: require('Comment')
175.908  000.220  000.220: require('Comment.config')
176.659  000.366  000.366: require('Comment.ft')
176.662  000.601  000.235: require('Comment.utils')
176.800  000.137  000.137: require('Comment.opfunc')
177.124  000.323  000.323: require('Comment.extra')
177.125  001.217  000.156: require('Comment.api')
177.601  000.424  000.424: require('pqf')
178.442  000.412  000.412: require('project_nvim.config')
178.903  000.197  000.197: require('project_nvim.utils.path')
178.934  000.491  000.294: require('project_nvim.utils.history')
178.935  001.319  000.416: require('project_nvim')
179.146  000.206  000.206: require('project_nvim.utils.globtopattern')
179.522  000.345  000.345: require('project_nvim.project')
180.294  000.211  000.211: require('cybu.config')
180.412  000.117  000.117: require('cybu.utils')
180.525  000.112  000.112: require('cybu.vars')
180.608  000.083  000.083: require('cybu.infobar')
180.611  001.012  000.489: require('cybu')
181.868  001.189  001.189: require('nvim-web-devicons')
182.992  000.291  000.291: require('nvim-autopairs._log')
183.367  000.374  000.374: require('nvim-autopairs.utils')
184.296  000.363  000.363: require('nvim-autopairs.conds')
184.300  000.626  000.264: require('nvim-autopairs.rule')
184.301  000.934  000.307: require('nvim-autopairs.rules.basic')
184.307  002.429  000.831: require('nvim-autopairs')
185.904  001.362  001.362: require('mini.ai')
186.772  000.232  000.232: require('neogen.config')
186.989  000.216  000.216: require('neogen.utilities.helpers')
187.383  000.394  000.394: require('neogen.mark')
187.386  001.380  000.539: require('neogen')
188.368  000.427  000.427: require('neotest.config')
188.369  000.967  000.540: require('neotest')
189.617  000.271  000.271: require('vim.ui')
189.620  000.521  000.250: require('neotest.async')
190.195  000.235  000.235: require('neotest.lib.require')
190.197  000.577  000.342: require('neotest.lib')
190.490  000.291  000.291: require('neotest.logging')
190.826  000.335  000.335: require('neotest-jest.util')
191.698  000.151  000.151: require('neotest.lib.func_util.memoize')
191.700  000.348  000.197: require('neotest.lib.func_util')
192.234  000.309  000.309: require('neotest.types.tree')
192.424  000.188  000.188: require('neotest.types.fanout_accum')
192.425  000.724  000.227: require('neotest.types')
192.429  001.602  000.529: require('neotest.lib.file')
192.433  004.063  000.737: require('neotest-jest')
192.908  000.291  000.291: require('neotest.adapters')
193.889  000.269  000.269: require('neotest.client.events')
193.891  000.423  000.153: require('neotest.client.state')
194.211  000.319  000.319: require('neotest.client.runner')
194.468  000.256  000.256: require('neotest.client.strategies')
194.471  001.561  000.563: require('neotest.client')
194.825  000.253  000.253: require('neotest.consumers.run')
195.002  000.177  000.177: require('neotest.consumers.diagnostic')
195.140  000.136  000.136: require('neotest.consumers.status')
195.316  000.175  000.175: require('neotest.consumers.output')
195.554  000.112  000.112: require('neotest.consumers.output_panel.panel')
195.556  000.239  000.128: require('neotest.consumers.output_panel')
196.026  000.164  000.164: require('neotest.consumers.summary.canvas')
196.227  000.200  000.200: require('neotest.consumers.summary.component')
196.229  000.515  000.150: require('neotest.consumers.summary.summary')
196.231  000.675  000.160: require('neotest.consumers.summary')
196.368  000.136  000.136: require('neotest.consumers.jump')
197.117  000.001  000.001: require('jit.profile')
197.854  000.736  000.736: require('jit.vmdef')
197.857  001.104  000.367: require('plenary.profile.p')
197.859  001.361  000.257: require('plenary.profile')
197.860  001.491  000.130: require('neotest.consumers.benchmark')
198.219  000.358  000.358: require('neotest.consumers.quickfix')
198.585  000.197  000.197: require('neotest.consumers.state.tracker')
198.587  000.367  000.170: require('neotest.consumers.state')
198.588  004.114  000.106: require('neotest.consumers')
198.900  000.290  000.290: require('neotest.lib.window')
199.508  000.132  000.132: require('dracula.palette')
199.510  000.501  000.369: require('dracula')
203.298  000.734  000.734: require('dracula.groups')
203.570  001.272  000.537: sourcing /Users/jackpordi/.local/share/nvim/site/pack/packer/start/dracula/colors/dracula.lua
207.267  000.170  000.170: require('treesj.langs.default_preset')
207.414  000.773  000.603: require('treesj.langs.utils')
207.523  001.223  000.449: require('treesj.langs.javascript')
207.977  000.426  000.426: require('treesj.langs.typescript')
208.169  000.191  000.191: require('treesj.langs.lua')
208.351  000.180  000.180: require('treesj.langs.html')
208.511  000.152  000.152: require('treesj.langs.json')
208.657  000.145  000.145: require('treesj.langs.jsonc')
208.819  000.153  000.153: require('treesj.langs.vue')
208.987  000.166  000.166: require('treesj.langs.css')
209.133  000.145  000.145: require('treesj.langs.scss')
209.263  000.130  000.130: require('treesj.langs.tsx')
209.448  000.184  000.184: require('treesj.langs.php')
209.824  000.167  000.167: require('treesj.utils')
209.978  000.528  000.361: require('treesj.langs.ruby')
210.210  000.231  000.231: require('treesj.langs.go')
210.373  000.162  000.162: require('treesj.langs.java')
210.505  000.131  000.131: require('treesj.langs.pug')
210.641  000.134  000.134: require('treesj.langs.svelte')
210.858  000.216  000.216: require('treesj.langs.rust')
211.041  000.182  000.182: require('treesj.langs.python')
211.190  000.148  000.148: require('treesj.langs.r')
211.491  000.153  000.153: require('treesj.langs.c')
211.499  000.306  000.153: require('treesj.langs.cpp')
211.627  000.126  000.126: require('treesj.langs.toml')
211.787  000.159  000.159: require('treesj.langs.yaml')
211.943  000.155  000.155: require('treesj.langs.nix')
212.107  000.162  000.162: require('treesj.langs.kotlin')
212.108  006.094  000.358: require('treesj.langs')
216.421  010.866  004.772: require('treesj.settings')
216.423  011.720  000.855: require('treesj')
219.650  000.430  000.430: require('aerial')
219.675  000.888  000.459: require('plugins.aerial')
220.523  000.342  000.342: require('mason-core.path')
221.117  000.358  000.358: require('mason-core.functional')
221.641  000.209  000.209: require('mason-core.functional.data')
221.644  000.511  000.303: require('mason-core.functional.function')
221.834  000.185  000.185: require('mason-core.functional.relation')
222.014  000.175  000.175: require('mason-core.functional.logic')
222.029  001.506  000.277: require('mason-core.platform')
222.367  000.336  000.336: require('mason.settings')
222.368  002.691  000.507: require('mason')
223.031  000.271  000.271: require('mason-core.functional.list')
223.161  000.129  000.129: require('mason-core.functional.string')
223.174  000.797  000.397: require('mason.api.command')
223.683  000.502  000.502: require('mason-registry.sources')
224.906  000.250  000.250: require('toggleterm.lazy')
225.219  000.311  000.311: require('toggleterm.constants')
225.750  000.529  000.529: require('toggleterm.terminal')
225.753  001.857  000.767: require('toggleterm')
226.172  000.241  000.241: require('toggleterm.colors')
226.512  000.340  000.340: require('toggleterm.utils')
226.522  000.765  000.184: require('toggleterm.config')
227.029  000.444  000.444: require('toggleterm.commandline')
227.065  003.376  000.309: require('plugins/toggleterm')
228.089  000.383  000.383: require('neoscroll.config')
228.309  000.220  000.220: require('neoscroll.utils')
228.333  001.266  000.663: require('neoscroll')
229.628  000.438  000.438: require('indent_blankline/utils')
229.630  001.231  000.793: require('indent_blankline')
232.971  000.806  000.806: require('nvim-tree.notify')
232.976  001.079  000.273: require('nvim-tree.events')
233.654  000.219  000.219: require('nvim-tree.log')
234.284  000.176  000.176: require('nvim-tree.iterators.node-iterator')
234.304  000.649  000.473: require('nvim-tree.utils')
252.335  018.030  018.030: require('nvim-tree.git.utils')
252.594  000.258  000.258: require('nvim-tree.git.runner')
252.898  000.301  000.301: require('nvim-tree.watcher')
253.094  000.194  000.194: require('nvim-tree.explorer.node')
253.098  019.861  000.210: require('nvim-tree.git')
253.275  000.177  000.177: require('nvim-tree.explorer.watch')
253.636  000.176  000.176: require('nvim-tree.explorer.node-builders')
253.836  000.199  000.199: require('nvim-tree.explorer.sorters')
254.011  000.174  000.174: require('nvim-tree.explorer.filters')
254.696  000.491  000.491: require('nvim-tree.view')
254.727  000.715  000.224: require('nvim-tree.live-filter')
254.729  001.452  000.189: require('nvim-tree.explorer.explore')
255.176  000.446  000.446: require('nvim-tree.explorer.reload')
255.178  022.202  000.265: require('nvim-tree.explorer')
255.180  023.579  000.299: require('nvim-tree.core')
255.389  000.207  000.207: require('nvim-tree.diagnostics')
255.650  000.134  000.134: require('nvim-tree.modified')
255.653  000.263  000.128: require('nvim-tree.renderer.components.modified')
255.838  000.184  000.184: require('nvim-tree.renderer.components.padding')
255.984  000.145  000.145: require('nvim-tree.renderer.components.icons')
256.143  000.158  000.158: require('nvim-tree.renderer.components.full-name')
256.391  000.247  000.247: require('nvim-tree.renderer.help')
256.626  000.235  000.235: require('nvim-tree.renderer.components.git')
256.904  000.276  000.276: require('nvim-tree.renderer.builder')
257.072  000.167  000.167: require('nvim-tree.marks')
257.076  025.846  000.384: require('nvim-tree.renderer')
257.207  000.128  000.128: require('nvim-tree.actions.tree-modifiers.collapse-all')
257.316  000.108  000.108: require('nvim-tree.actions.root.dir-up')
257.463  000.146  000.146: require('nvim-tree.actions.root.change-dir')
257.667  000.203  000.203: require('nvim-tree.actions.reloaders.reloaders')
258.042  000.374  000.374: require('nvim-tree.actions.finders.find-file')
258.043  027.202  000.397: require('nvim-tree.lib')
258.205  000.161  000.161: require('nvim-tree.colors')
259.149  000.114  000.114: require('nvim-tree.actions.tree.open')
259.276  000.126  000.126: require('nvim-tree.actions.tree.toggle')
259.393  000.115  000.115: require('nvim-tree.actions.tree.find-file')
259.616  000.222  000.222: require('nvim-tree.actions.finders.search-node')
259.750  000.133  000.133: require('nvim-tree.actions.tree-modifiers.expand-all')
259.878  000.127  000.127: require('nvim-tree.actions.tree-modifiers.toggles')
260.094  000.215  000.215: require('nvim-tree.actions.fs.create-file')
260.250  000.155  000.155: require('nvim-tree.actions.fs.remove-file')
260.402  000.151  000.151: require('nvim-tree.actions.fs.trash')
260.544  000.142  000.142: require('nvim-tree.actions.fs.rename-file')
260.779  000.233  000.233: require('nvim-tree.actions.fs.copy-paste')
260.917  000.133  000.133: require('nvim-tree.actions.node.file-popup')
261.024  000.107  000.107: require('nvim-tree.actions.node.run-command')
261.148  000.123  000.123: require('nvim-tree.actions.node.system-open')
261.261  000.112  000.112: require('nvim-tree.actions.moves.sibling')
261.372  000.109  000.109: require('nvim-tree.actions.moves.parent')
261.484  000.112  000.112: require('nvim-tree.actions.moves.item')
261.604  000.117  000.117: require('nvim-tree.marks.bulk-move')
261.973  000.243  000.243: require('nvim-tree.actions.node.open-file')
261.975  000.370  000.127: require('nvim-tree.marks.navigation')
262.150  000.174  000.174: require('nvim-tree.keymap')
262.151  003.313  000.226: require('nvim-tree.api')
262.160  003.808  000.495: require('nvim-tree.keymap-legacy')
262.167  003.961  000.153: require('nvim-tree.commands')
262.293  000.125  000.125: require('nvim-tree.legacy')
262.313  032.366  000.917: require('nvim-tree')
262.880  000.120  000.120: require('nvim-tree.actions')
264.830  000.065  000.065: require('../remap')
264.840  035.182  002.631: require('plugins/nvim-tree')
265.121  000.279  000.279: require('leap')
265.361  000.239  000.239: require('leap.user')
275.202  008.763  008.763: require('fzf_lib')
275.206  009.260  000.498: require('telescope._extensions.fzf')
278.041  000.587  000.587: require('telescope.builtin.__lsp')
278.144  001.331  000.744: require('telescope.builtin')
278.165  001.790  000.459: require('telescope._extensions.projects')
278.297  012.827  001.777: require('plugins/telescope')
279.761  000.267  000.267: require('colorizer/nvim')
280.098  000.337  000.337: require('colorizer/trie')
280.193  001.894  001.291: require('colorizer')
283.319  000.382  000.382: require('trouble.config')
283.322  000.719  000.337: require('trouble.util')
283.571  000.226  000.226: require('trouble.providers.qf')
283.918  000.346  000.346: require('trouble.providers.telescope')
284.111  000.192  000.192: require('trouble.providers.lsp')
284.323  000.211  000.211: require('trouble.providers.diagnostic')
284.324  002.082  000.389: require('trouble.providers')
284.455  000.130  000.130: require('trouble.text')
284.591  000.135  000.135: require('trouble.folds')
284.593  002.593  000.246: require('trouble.renderer')
284.601  003.050  000.456: require('trouble.view')
284.727  000.125  000.125: require('trouble.colors')
284.758  003.905  000.730: require('trouble')
285.449  000.180  000.180: sourcing /Users/jackpordi/.local/share/nvim/site/pack/packer/start/nvim-web-devicons/plugin/nvim-web-devicons.vim
288.630  000.373  000.373: require('bufferline.lazy')
288.979  000.346  000.346: require('bufferline.constants')
289.314  000.334  000.334: require('bufferline.commands')
289.318  003.182  002.129: require('bufferline')
289.882  000.563  000.563: require('bufferline.utils')
290.276  000.391  000.391: require('bufferline.config')
290.687  000.392  000.392: require('bufferline.groups')
291.062  000.363  000.363: require('bufferline.colors')
291.424  000.324  000.324: require('bufferline.highlights')
292.066  000.289  000.289: require('bufferline.hover')
292.544  000.454  000.454: require('bufferline.ui')
292.592  226.165  047.470: sourcing /Users/jackpordi/.config/nvim/plugin/packer_compiled.lua
293.253  000.225  000.225: sourcing /opt/homebrew/Cellar/neovim/0.8.0/share/nvim/runtime/plugin/man.lua
293.272  003.628: loading rtp plugins
294.550  000.410  000.410: require('bufdelete')
294.551  000.548  000.139: sourcing /Users/jackpordi/.local/share/nvim/site/pack/packer/start/bufdelete.nvim/plugin/bufdelete.lua
295.115  000.211  000.211: sourcing /Users/jackpordi/.local/share/nvim/site/pack/packer/start/Comment.nvim/plugin/Comment.lua
295.464  000.179  000.179: sourcing /Users/jackpordi/.local/share/nvim/site/pack/packer/start/cybu.nvim/plugin/cybu.lua
296.042  000.178  000.178: sourcing /Users/jackpordi/.local/share/nvim/site/pack/packer/start/FixCursorHold.nvim/plugin/fix_cursorhold_nvim.vim
296.688  000.207  000.207: require('indent_blankline.commands')
296.720  000.512  000.305: sourcing /Users/jackpordi/.local/share/nvim/site/pack/packer/start/indent-blankline.nvim/plugin/indent_blankline.vim
297.272  000.335  000.335: sourcing /Users/jackpordi/.local/share/nvim/site/pack/packer/start/leap.nvim/plugin/init.lua
297.867  000.051  000.051: sourcing /Users/jackpordi/.local/share/nvim/site/pack/packer/start/nvim-colorizer.lua/plugin/colorizer.vim
298.644  000.218  000.218: sourcing /Users/jackpordi/.local/share/nvim/site/pack/packer/start/nvim-lspconfig/plugin/lspconfig.lua
298.947  000.007  000.007: sourcing /Users/jackpordi/.local/share/nvim/site/pack/packer/start/nvim-web-devicons/plugin/nvim-web-devicons.vim
299.601  000.249  000.249: sourcing /Users/jackpordi/.local/share/nvim/site/pack/packer/start/plenary.nvim/plugin/plenary.vim
300.521  000.370  000.370: sourcing /Users/jackpordi/.local/share/nvim/site/pack/packer/start/telescope.nvim/plugin/telescope.lua
301.073  000.183  000.183: sourcing /Users/jackpordi/.local/share/nvim/site/pack/packer/start/trouble.nvim/plugin/trouble.vim
302.216  000.982  000.982: sourcing /Users/jackpordi/.local/share/nvim/site/pack/packer/start/vim-fugitive/plugin/fugitive.vim
302.684  000.141  000.141: sourcing /Users/jackpordi/.local/share/nvim/site/pack/packer/start/vim-lastplace/plugin/vim-lastplace.vim
302.927  005.487: loading packages
303.287  000.166  000.166: sourcing /Users/jackpordi/.local/share/nvim/site/pack/packer/start/cmp-nvim-lsp/after/plugin/cmp_nvim_lsp.lua
303.322  000.229: loading after plugins
303.328  000.006: inits 3
305.997  002.670: reading ShaDa
306.309  000.312: opening buffers
306.826  000.396  000.396: require('bufferline.state')
306.831  000.126: BufEnter autocommands
306.832  000.001: editing files in windows
308.209  000.433  000.433: require('mason-core.async')
308.210  000.777  000.344: require('mason-core.terminator')
